INFO [2020-01-24 14:12:31] $x
INFO [2020-01-24 14:12:31] list(VTA_v1.sig, VTA_v2.sig)
INFO [2020-01-24 14:12:31] 
INFO [2020-01-24 14:12:31] $category.names
INFO [2020-01-24 14:12:31] c("version 1", "version 2")
INFO [2020-01-24 14:12:31] 
INFO [2020-01-24 14:12:31] $filename
INFO [2020-01-24 14:12:31] NULL
INFO [2020-01-24 14:12:31] 
INFO [2020-01-24 14:12:31] $output
INFO [2020-01-24 14:12:31] [1] TRUE
INFO [2020-01-24 14:12:31] 
INFO [2020-01-24 14:12:31] $x
INFO [2020-01-24 14:12:31] list(VTA_v1.sig, VTA_v2.sig)
INFO [2020-01-24 14:12:31] 
INFO [2020-01-24 14:12:31] $category.names
INFO [2020-01-24 14:12:31] c("version 1", "version 2")
INFO [2020-01-24 14:12:31] 
INFO [2020-01-24 14:12:31] $filename
INFO [2020-01-24 14:12:31] NULL
INFO [2020-01-24 14:12:31] 
INFO [2020-01-24 14:12:31] $output
INFO [2020-01-24 14:12:31] [1] TRUE
INFO [2020-01-24 14:12:31] 
INFO [2020-01-24 14:12:31] $x
INFO [2020-01-24 14:12:31] list(VTA_v1.sig, VTA_v2.sig)
INFO [2020-01-24 14:12:31] 
INFO [2020-01-24 14:12:31] $category.names
INFO [2020-01-24 14:12:31] c("version 1", "version 2")
INFO [2020-01-24 14:12:31] 
INFO [2020-01-24 14:12:31] $filename
INFO [2020-01-24 14:12:31] NULL
INFO [2020-01-24 14:12:31] 
INFO [2020-01-24 14:12:31] $output
INFO [2020-01-24 14:12:31] [1] TRUE
INFO [2020-01-24 14:12:31] 
INFO [2020-01-24 14:12:31] $x
INFO [2020-01-24 14:12:31] list(VTA_v1.sig, VTA_v2.sig)
INFO [2020-01-24 14:12:31] 
INFO [2020-01-24 14:12:31] $category.names
INFO [2020-01-24 14:12:31] c("version 1", "version 2")
INFO [2020-01-24 14:12:31] 
INFO [2020-01-24 14:12:31] $filename
INFO [2020-01-24 14:12:31] NULL
INFO [2020-01-24 14:12:31] 
INFO [2020-01-24 14:12:31] $output
INFO [2020-01-24 14:12:31] [1] TRUE
INFO [2020-01-24 14:12:31] 
INFO [2020-01-24 14:12:31] $x
INFO [2020-01-24 14:12:31] list(VTA_v1.sig, VTA_v2.sig)
INFO [2020-01-24 14:12:31] 
INFO [2020-01-24 14:12:31] $category.names
INFO [2020-01-24 14:12:31] c("version 1", "version 2")
INFO [2020-01-24 14:12:31] 
INFO [2020-01-24 14:12:31] $filename
INFO [2020-01-24 14:12:31] NULL
INFO [2020-01-24 14:12:31] 
INFO [2020-01-24 14:12:31] $output
INFO [2020-01-24 14:12:31] [1] TRUE
INFO [2020-01-24 14:12:31] 
