INFO [2020-01-24 14:12:02] $x
INFO [2020-01-24 14:12:02] list(VTA_v1.sig, VTA_v2.sig)
INFO [2020-01-24 14:12:02] 
INFO [2020-01-24 14:12:02] $category.names
INFO [2020-01-24 14:12:02] c("version 1", "version 2")
INFO [2020-01-24 14:12:02] 
INFO [2020-01-24 14:12:02] $filename
INFO [2020-01-24 14:12:02] NULL
INFO [2020-01-24 14:12:02] 
INFO [2020-01-24 14:12:02] $output
INFO [2020-01-24 14:12:02] [1] TRUE
INFO [2020-01-24 14:12:02] 
INFO [2020-01-24 14:12:02] $x
INFO [2020-01-24 14:12:02] list(VTA_v1.sig, VTA_v2.sig)
INFO [2020-01-24 14:12:02] 
INFO [2020-01-24 14:12:02] $category.names
INFO [2020-01-24 14:12:02] c("version 1", "version 2")
INFO [2020-01-24 14:12:02] 
INFO [2020-01-24 14:12:02] $filename
INFO [2020-01-24 14:12:02] NULL
INFO [2020-01-24 14:12:02] 
INFO [2020-01-24 14:12:02] $output
INFO [2020-01-24 14:12:02] [1] TRUE
INFO [2020-01-24 14:12:02] 
INFO [2020-01-24 14:12:02] $x
INFO [2020-01-24 14:12:02] list(VTA_v1.sig, VTA_v2.sig)
INFO [2020-01-24 14:12:02] 
INFO [2020-01-24 14:12:02] $category.names
INFO [2020-01-24 14:12:02] c("version 1", "version 2")
INFO [2020-01-24 14:12:02] 
INFO [2020-01-24 14:12:02] $filename
INFO [2020-01-24 14:12:02] NULL
INFO [2020-01-24 14:12:02] 
INFO [2020-01-24 14:12:02] $output
INFO [2020-01-24 14:12:02] [1] TRUE
INFO [2020-01-24 14:12:02] 
INFO [2020-01-24 14:12:02] $x
INFO [2020-01-24 14:12:02] list(VTA_v1.sig, VTA_v2.sig)
INFO [2020-01-24 14:12:02] 
INFO [2020-01-24 14:12:02] $category.names
INFO [2020-01-24 14:12:02] c("version 1", "version 2")
INFO [2020-01-24 14:12:02] 
INFO [2020-01-24 14:12:02] $filename
INFO [2020-01-24 14:12:02] NULL
INFO [2020-01-24 14:12:02] 
INFO [2020-01-24 14:12:02] $output
INFO [2020-01-24 14:12:02] [1] TRUE
INFO [2020-01-24 14:12:02] 
INFO [2020-01-24 14:12:02] $x
INFO [2020-01-24 14:12:02] list(VTA_v1.sig, VTA_v2.sig)
INFO [2020-01-24 14:12:02] 
INFO [2020-01-24 14:12:02] $category.names
INFO [2020-01-24 14:12:02] c("version 1", "version 2")
INFO [2020-01-24 14:12:02] 
INFO [2020-01-24 14:12:02] $filename
INFO [2020-01-24 14:12:02] NULL
INFO [2020-01-24 14:12:02] 
INFO [2020-01-24 14:12:02] $output
INFO [2020-01-24 14:12:02] [1] TRUE
INFO [2020-01-24 14:12:02] 
