INFO [2020-02-27 10:43:02] $x
INFO [2020-02-27 10:43:02] list(df1.genes, df2.genes)
INFO [2020-02-27 10:43:02] 
INFO [2020-02-27 10:43:02] $category.names
INFO [2020-02-27 10:43:02] c(lab1, lab2)
INFO [2020-02-27 10:43:02] 
INFO [2020-02-27 10:43:02] $filename
INFO [2020-02-27 10:43:02] NULL
INFO [2020-02-27 10:43:02] 
INFO [2020-02-27 10:43:02] $output
INFO [2020-02-27 10:43:02] [1] TRUE
INFO [2020-02-27 10:43:02] 
INFO [2020-02-27 10:43:02] $x
INFO [2020-02-27 10:43:02] list(df1.genes, df2.genes)
INFO [2020-02-27 10:43:02] 
INFO [2020-02-27 10:43:02] $category.names
INFO [2020-02-27 10:43:02] c(lab1, lab2)
INFO [2020-02-27 10:43:02] 
INFO [2020-02-27 10:43:02] $filename
INFO [2020-02-27 10:43:02] NULL
INFO [2020-02-27 10:43:02] 
INFO [2020-02-27 10:43:02] $output
INFO [2020-02-27 10:43:02] [1] TRUE
INFO [2020-02-27 10:43:02] 
INFO [2020-02-27 10:43:02] $x
INFO [2020-02-27 10:43:02] list(df1.genes, df2.genes)
INFO [2020-02-27 10:43:02] 
INFO [2020-02-27 10:43:02] $category.names
INFO [2020-02-27 10:43:02] c(lab1, lab2)
INFO [2020-02-27 10:43:02] 
INFO [2020-02-27 10:43:02] $filename
INFO [2020-02-27 10:43:02] NULL
INFO [2020-02-27 10:43:02] 
INFO [2020-02-27 10:43:02] $output
INFO [2020-02-27 10:43:02] [1] TRUE
INFO [2020-02-27 10:43:02] 
INFO [2020-02-27 10:43:02] $x
INFO [2020-02-27 10:43:02] list(df1.genes, df2.genes, df3.genes, df4.genes)
INFO [2020-02-27 10:43:02] 
INFO [2020-02-27 10:43:02] $category.names
INFO [2020-02-27 10:43:02] c(lab1, lab2, lab3, lab4)
INFO [2020-02-27 10:43:02] 
INFO [2020-02-27 10:43:02] $filename
INFO [2020-02-27 10:43:02] NULL
INFO [2020-02-27 10:43:02] 
INFO [2020-02-27 10:43:02] $output
INFO [2020-02-27 10:43:02] [1] TRUE
INFO [2020-02-27 10:43:02] 
