INFO [2020-02-27 10:39:09] $x
INFO [2020-02-27 10:39:09] list(df1.genes, df2.genes)
INFO [2020-02-27 10:39:09] 
INFO [2020-02-27 10:39:09] $category.names
INFO [2020-02-27 10:39:09] c(lab1, lab2)
INFO [2020-02-27 10:39:09] 
INFO [2020-02-27 10:39:09] $filename
INFO [2020-02-27 10:39:09] NULL
INFO [2020-02-27 10:39:09] 
INFO [2020-02-27 10:39:09] $output
INFO [2020-02-27 10:39:09] [1] TRUE
INFO [2020-02-27 10:39:09] 
INFO [2020-02-27 10:39:09] $x
INFO [2020-02-27 10:39:09] list(df1.genes, df2.genes)
INFO [2020-02-27 10:39:09] 
INFO [2020-02-27 10:39:09] $category.names
INFO [2020-02-27 10:39:09] c(lab1, lab2)
INFO [2020-02-27 10:39:09] 
INFO [2020-02-27 10:39:09] $filename
INFO [2020-02-27 10:39:09] NULL
INFO [2020-02-27 10:39:09] 
INFO [2020-02-27 10:39:09] $output
INFO [2020-02-27 10:39:09] [1] TRUE
INFO [2020-02-27 10:39:09] 
INFO [2020-02-27 10:39:09] $x
INFO [2020-02-27 10:39:09] list(df1.genes, df2.genes)
INFO [2020-02-27 10:39:09] 
INFO [2020-02-27 10:39:09] $category.names
INFO [2020-02-27 10:39:09] c(lab1, lab2)
INFO [2020-02-27 10:39:09] 
INFO [2020-02-27 10:39:09] $filename
INFO [2020-02-27 10:39:09] NULL
INFO [2020-02-27 10:39:09] 
INFO [2020-02-27 10:39:09] $output
INFO [2020-02-27 10:39:09] [1] TRUE
INFO [2020-02-27 10:39:09] 
INFO [2020-02-27 10:39:09] $x
INFO [2020-02-27 10:39:09] list(df1.genes, df1.genes, df1.genes, df1.genes)
INFO [2020-02-27 10:39:09] 
INFO [2020-02-27 10:39:09] $category.names
INFO [2020-02-27 10:39:09] c(lab1, lab2, lab3, lab4)
INFO [2020-02-27 10:39:09] 
INFO [2020-02-27 10:39:09] $filename
INFO [2020-02-27 10:39:09] NULL
INFO [2020-02-27 10:39:09] 
INFO [2020-02-27 10:39:09] $output
INFO [2020-02-27 10:39:09] [1] TRUE
INFO [2020-02-27 10:39:09] 
INFO [2020-02-27 10:39:09] $x
INFO [2020-02-27 10:39:09] list(df1.genes, df1.genes, df1.genes, df1.genes)
INFO [2020-02-27 10:39:09] 
INFO [2020-02-27 10:39:09] $category.names
INFO [2020-02-27 10:39:09] c(lab1, lab2, lab3, lab4)
INFO [2020-02-27 10:39:09] 
INFO [2020-02-27 10:39:09] $filename
INFO [2020-02-27 10:39:09] NULL
INFO [2020-02-27 10:39:09] 
INFO [2020-02-27 10:39:09] $output
INFO [2020-02-27 10:39:09] [1] TRUE
INFO [2020-02-27 10:39:09] 
