INFO [2020-02-27 10:40:22] $x
INFO [2020-02-27 10:40:22] list(df1.genes, df2.genes)
INFO [2020-02-27 10:40:22] 
INFO [2020-02-27 10:40:22] $category.names
INFO [2020-02-27 10:40:22] c(lab1, lab2)
INFO [2020-02-27 10:40:22] 
INFO [2020-02-27 10:40:22] $filename
INFO [2020-02-27 10:40:22] NULL
INFO [2020-02-27 10:40:22] 
INFO [2020-02-27 10:40:22] $output
INFO [2020-02-27 10:40:22] [1] TRUE
INFO [2020-02-27 10:40:22] 
INFO [2020-02-27 10:40:22] $x
INFO [2020-02-27 10:40:22] list(df1.genes, df2.genes)
INFO [2020-02-27 10:40:22] 
INFO [2020-02-27 10:40:22] $category.names
INFO [2020-02-27 10:40:22] c(lab1, lab2)
INFO [2020-02-27 10:40:22] 
INFO [2020-02-27 10:40:22] $filename
INFO [2020-02-27 10:40:22] NULL
INFO [2020-02-27 10:40:22] 
INFO [2020-02-27 10:40:22] $output
INFO [2020-02-27 10:40:22] [1] TRUE
INFO [2020-02-27 10:40:22] 
INFO [2020-02-27 10:40:22] $x
INFO [2020-02-27 10:40:22] list(df1.genes, df2.genes)
INFO [2020-02-27 10:40:22] 
INFO [2020-02-27 10:40:22] $category.names
INFO [2020-02-27 10:40:22] c(lab1, lab2)
INFO [2020-02-27 10:40:22] 
INFO [2020-02-27 10:40:22] $filename
INFO [2020-02-27 10:40:22] NULL
INFO [2020-02-27 10:40:22] 
INFO [2020-02-27 10:40:22] $output
INFO [2020-02-27 10:40:22] [1] TRUE
INFO [2020-02-27 10:40:22] 
INFO [2020-02-27 10:40:22] $x
INFO [2020-02-27 10:40:22] list(df1.genes, df2.genes, df3.genes, df4.genes)
INFO [2020-02-27 10:40:22] 
INFO [2020-02-27 10:40:22] $category.names
INFO [2020-02-27 10:40:22] c(lab1, lab2, lab3, lab4)
INFO [2020-02-27 10:40:22] 
INFO [2020-02-27 10:40:22] $filename
INFO [2020-02-27 10:40:22] NULL
INFO [2020-02-27 10:40:22] 
INFO [2020-02-27 10:40:22] $output
INFO [2020-02-27 10:40:22] [1] TRUE
INFO [2020-02-27 10:40:22] 
