INFO [2020-01-21 14:13:12] $x
INFO [2020-01-21 14:13:12] list(NAc.effect.genotype, NAc.WT.genes, NAc.Per1.genes)
INFO [2020-01-21 14:13:12] 
INFO [2020-01-21 14:13:12] $category.names
INFO [2020-01-21 14:13:12] c("interaction", "WT ", "Per1")
INFO [2020-01-21 14:13:12] 
INFO [2020-01-21 14:13:12] $filename
INFO [2020-01-21 14:13:12] NULL
INFO [2020-01-21 14:13:12] 
INFO [2020-01-21 14:13:12] $x
INFO [2020-01-21 14:13:12] list(VTA.WT.genes, NAc.WT.genes)
INFO [2020-01-21 14:13:12] 
INFO [2020-01-21 14:13:12] $category.names
INFO [2020-01-21 14:13:12] c("VTA", "NAc")
INFO [2020-01-21 14:13:12] 
INFO [2020-01-21 14:13:12] $filename
INFO [2020-01-21 14:13:12] NULL
INFO [2020-01-21 14:13:12] 
INFO [2020-01-21 14:13:12] $x
INFO [2020-01-21 14:13:12] list(VTA.Per1.genes, NAc.Per1.genes)
INFO [2020-01-21 14:13:12] 
INFO [2020-01-21 14:13:12] $category.names
INFO [2020-01-21 14:13:12] c("VTA", "NAc")
INFO [2020-01-21 14:13:12] 
INFO [2020-01-21 14:13:12] $filename
INFO [2020-01-21 14:13:12] NULL
INFO [2020-01-21 14:13:12] 
INFO [2020-01-21 14:13:12] $x
INFO [2020-01-21 14:13:12] list(VTA.effect.genotype, NAc.effect.genotype)
INFO [2020-01-21 14:13:12] 
INFO [2020-01-21 14:13:12] $category.names
INFO [2020-01-21 14:13:12] c("VTA", "NAc")
INFO [2020-01-21 14:13:12] 
INFO [2020-01-21 14:13:12] $filename
INFO [2020-01-21 14:13:12] NULL
INFO [2020-01-21 14:13:12] 
