INFO [2020-02-27 10:25:30] $x
INFO [2020-02-27 10:25:30] list(WT.genes, Per1.genes)
INFO [2020-02-27 10:25:30] 
INFO [2020-02-27 10:25:30] $category.names
INFO [2020-02-27 10:25:30] c("WT ", "Per1")
INFO [2020-02-27 10:25:30] 
INFO [2020-02-27 10:25:30] $filename
INFO [2020-02-27 10:25:30] NULL
INFO [2020-02-27 10:25:30] 
INFO [2020-02-27 10:25:30] $output
INFO [2020-02-27 10:25:30] [1] TRUE
INFO [2020-02-27 10:25:30] 
INFO [2020-02-27 10:25:30] $x
INFO [2020-02-27 10:25:30] list(WT.genes, Per1.genes)
INFO [2020-02-27 10:25:30] 
INFO [2020-02-27 10:25:30] $category.names
INFO [2020-02-27 10:25:30] c("WT ", "Per1")
INFO [2020-02-27 10:25:30] 
INFO [2020-02-27 10:25:30] $filename
INFO [2020-02-27 10:25:30] NULL
INFO [2020-02-27 10:25:30] 
INFO [2020-02-27 10:25:30] $output
INFO [2020-02-27 10:25:30] [1] TRUE
INFO [2020-02-27 10:25:30] 
