INFO [2020-02-27 10:26:08] $x
INFO [2020-02-27 10:26:08] list(SCN.genes, LHb.genes, VTA.genes, NAc.genes)
INFO [2020-02-27 10:26:08] 
INFO [2020-02-27 10:26:08] $category.names
INFO [2020-02-27 10:26:08] c("SCN", "LHb", "VTA", "NAc")
INFO [2020-02-27 10:26:08] 
INFO [2020-02-27 10:26:08] $filename
INFO [2020-02-27 10:26:08] NULL
INFO [2020-02-27 10:26:08] 
INFO [2020-02-27 10:26:08] $output
INFO [2020-02-27 10:26:08] [1] TRUE
INFO [2020-02-27 10:26:08] 
INFO [2020-02-27 10:26:08] $x
INFO [2020-02-27 10:26:08] list(SCN.genes, LHb.genes, VTA.genes, NAc.genes)
INFO [2020-02-27 10:26:08] 
INFO [2020-02-27 10:26:08] $category.names
INFO [2020-02-27 10:26:08] c("SCN", "LHb", "VTA", "NAc")
INFO [2020-02-27 10:26:08] 
INFO [2020-02-27 10:26:08] $filename
INFO [2020-02-27 10:26:08] NULL
INFO [2020-02-27 10:26:08] 
INFO [2020-02-27 10:26:08] $output
INFO [2020-02-27 10:26:08] [1] TRUE
INFO [2020-02-27 10:26:08] 
