INFO [2020-01-21 14:14:07] $x
INFO [2020-01-21 14:14:07] list(NAc.effect.genotype, NAc.WT.genes, NAc.Per1.genes)
INFO [2020-01-21 14:14:07] 
INFO [2020-01-21 14:14:07] $category.names
INFO [2020-01-21 14:14:07] c("interaction", "WT ", "Per1")
INFO [2020-01-21 14:14:07] 
INFO [2020-01-21 14:14:07] $filename
INFO [2020-01-21 14:14:07] NULL
INFO [2020-01-21 14:14:07] 
INFO [2020-01-21 14:14:07] $x
INFO [2020-01-21 14:14:07] list(VTA.WT.genes, NAc.WT.genes)
INFO [2020-01-21 14:14:07] 
INFO [2020-01-21 14:14:07] $category.names
INFO [2020-01-21 14:14:07] c("VTA", "NAc")
INFO [2020-01-21 14:14:07] 
INFO [2020-01-21 14:14:07] $filename
INFO [2020-01-21 14:14:07] NULL
INFO [2020-01-21 14:14:07] 
INFO [2020-01-21 14:14:07] $x
INFO [2020-01-21 14:14:07] list(VTA.Per1.genes, NAc.Per1.genes)
INFO [2020-01-21 14:14:07] 
INFO [2020-01-21 14:14:07] $category.names
INFO [2020-01-21 14:14:07] c("VTA", "NAc")
INFO [2020-01-21 14:14:07] 
INFO [2020-01-21 14:14:07] $filename
INFO [2020-01-21 14:14:07] NULL
INFO [2020-01-21 14:14:07] 
INFO [2020-01-21 14:14:07] $x
INFO [2020-01-21 14:14:07] list(VTA.effect.genotype, NAc.effect.genotype)
INFO [2020-01-21 14:14:07] 
INFO [2020-01-21 14:14:07] $category.names
INFO [2020-01-21 14:14:07] c("VTA", "NAc")
INFO [2020-01-21 14:14:07] 
INFO [2020-01-21 14:14:07] $filename
INFO [2020-01-21 14:14:07] NULL
INFO [2020-01-21 14:14:07] 
