INFO [2020-02-27 10:26:07] $x
INFO [2020-02-27 10:26:07] list(WT.genes, Per1.genes)
INFO [2020-02-27 10:26:07] 
INFO [2020-02-27 10:26:07] $category.names
INFO [2020-02-27 10:26:07] c("WT ", "Per1")
INFO [2020-02-27 10:26:07] 
INFO [2020-02-27 10:26:07] $filename
INFO [2020-02-27 10:26:07] NULL
INFO [2020-02-27 10:26:07] 
INFO [2020-02-27 10:26:07] $output
INFO [2020-02-27 10:26:07] [1] TRUE
INFO [2020-02-27 10:26:07] 
INFO [2020-02-27 10:26:07] $x
INFO [2020-02-27 10:26:07] list(WT.genes, Per1.genes)
INFO [2020-02-27 10:26:07] 
INFO [2020-02-27 10:26:07] $category.names
INFO [2020-02-27 10:26:07] c("WT ", "Per1")
INFO [2020-02-27 10:26:07] 
INFO [2020-02-27 10:26:07] $filename
INFO [2020-02-27 10:26:07] NULL
INFO [2020-02-27 10:26:07] 
INFO [2020-02-27 10:26:07] $output
INFO [2020-02-27 10:26:07] [1] TRUE
INFO [2020-02-27 10:26:07] 
INFO [2020-02-27 10:26:07] $x
INFO [2020-02-27 10:26:07] list(WT.genes, Per1.genes)
INFO [2020-02-27 10:26:07] 
INFO [2020-02-27 10:26:07] $category.names
INFO [2020-02-27 10:26:07] c("WT ", "Per1")
INFO [2020-02-27 10:26:07] 
INFO [2020-02-27 10:26:07] $filename
INFO [2020-02-27 10:26:07] NULL
INFO [2020-02-27 10:26:07] 
INFO [2020-02-27 10:26:07] $output
INFO [2020-02-27 10:26:07] [1] TRUE
INFO [2020-02-27 10:26:07] 
INFO [2020-02-27 10:26:07] $x
INFO [2020-02-27 10:26:07] list(WT.genes, Per1.genes)
INFO [2020-02-27 10:26:07] 
INFO [2020-02-27 10:26:07] $category.names
INFO [2020-02-27 10:26:07] c("WT ", "Per1")
INFO [2020-02-27 10:26:07] 
INFO [2020-02-27 10:26:07] $filename
INFO [2020-02-27 10:26:07] NULL
INFO [2020-02-27 10:26:07] 
INFO [2020-02-27 10:26:07] $output
INFO [2020-02-27 10:26:07] [1] TRUE
INFO [2020-02-27 10:26:07] 
