INFO [2020-02-27 10:25:31] $x
INFO [2020-02-27 10:25:31] list(WT.genes, Per1.genes)
INFO [2020-02-27 10:25:31] 
INFO [2020-02-27 10:25:31] $category.names
INFO [2020-02-27 10:25:31] c("WT ", "Per1")
INFO [2020-02-27 10:25:31] 
INFO [2020-02-27 10:25:31] $filename
INFO [2020-02-27 10:25:31] NULL
INFO [2020-02-27 10:25:31] 
INFO [2020-02-27 10:25:31] $output
INFO [2020-02-27 10:25:31] [1] TRUE
INFO [2020-02-27 10:25:31] 
INFO [2020-02-27 10:25:31] $x
INFO [2020-02-27 10:25:31] list(WT.genes, Per1.genes)
INFO [2020-02-27 10:25:31] 
INFO [2020-02-27 10:25:31] $category.names
INFO [2020-02-27 10:25:31] c("WT ", "Per1")
INFO [2020-02-27 10:25:31] 
INFO [2020-02-27 10:25:31] $filename
INFO [2020-02-27 10:25:31] NULL
INFO [2020-02-27 10:25:31] 
INFO [2020-02-27 10:25:31] $output
INFO [2020-02-27 10:25:31] [1] TRUE
INFO [2020-02-27 10:25:31] 
INFO [2020-02-27 10:25:31] $x
INFO [2020-02-27 10:25:31] list(SCN.genes, LHb.genes, VTA.genes, NAc.genes)
INFO [2020-02-27 10:25:31] 
INFO [2020-02-27 10:25:31] $category.names
INFO [2020-02-27 10:25:31] c("SCN", "LHb", "VTA", "NAc")
INFO [2020-02-27 10:25:31] 
INFO [2020-02-27 10:25:31] $filename
INFO [2020-02-27 10:25:31] NULL
INFO [2020-02-27 10:25:31] 
INFO [2020-02-27 10:25:31] $output
INFO [2020-02-27 10:25:31] [1] TRUE
INFO [2020-02-27 10:25:31] 
INFO [2020-02-27 10:25:31] $x
INFO [2020-02-27 10:25:31] list(SCN.genes, LHb.genes, VTA.genes, NAc.genes)
INFO [2020-02-27 10:25:31] 
INFO [2020-02-27 10:25:31] $category.names
INFO [2020-02-27 10:25:31] c("SCN", "LHb", "VTA", "NAc")
INFO [2020-02-27 10:25:31] 
INFO [2020-02-27 10:25:31] $filename
INFO [2020-02-27 10:25:31] NULL
INFO [2020-02-27 10:25:31] 
INFO [2020-02-27 10:25:31] $output
INFO [2020-02-27 10:25:31] [1] TRUE
INFO [2020-02-27 10:25:31] 
