INFO [2020-02-27 15:56:09] $x
INFO [2020-02-27 15:56:09] list(df1.genes, df2.genes)
INFO [2020-02-27 15:56:09] 
INFO [2020-02-27 15:56:09] $category.names
INFO [2020-02-27 15:56:09] c(lab1, lab2)
INFO [2020-02-27 15:56:09] 
INFO [2020-02-27 15:56:09] $filename
INFO [2020-02-27 15:56:09] NULL
INFO [2020-02-27 15:56:09] 
INFO [2020-02-27 15:56:09] $output
INFO [2020-02-27 15:56:09] [1] TRUE
INFO [2020-02-27 15:56:09] 
INFO [2020-02-27 15:56:09] $x
INFO [2020-02-27 15:56:09] list(df1.genes, df2.genes)
INFO [2020-02-27 15:56:09] 
INFO [2020-02-27 15:56:09] $category.names
INFO [2020-02-27 15:56:09] c(lab1, lab2)
INFO [2020-02-27 15:56:09] 
INFO [2020-02-27 15:56:09] $filename
INFO [2020-02-27 15:56:09] NULL
INFO [2020-02-27 15:56:09] 
INFO [2020-02-27 15:56:09] $output
INFO [2020-02-27 15:56:09] [1] TRUE
INFO [2020-02-27 15:56:09] 
INFO [2020-02-27 15:56:09] $x
INFO [2020-02-27 15:56:09] list(df1.genes, df2.genes)
INFO [2020-02-27 15:56:09] 
INFO [2020-02-27 15:56:09] $category.names
INFO [2020-02-27 15:56:09] c(lab1, lab2)
INFO [2020-02-27 15:56:09] 
INFO [2020-02-27 15:56:09] $filename
INFO [2020-02-27 15:56:09] NULL
INFO [2020-02-27 15:56:09] 
INFO [2020-02-27 15:56:09] $output
INFO [2020-02-27 15:56:09] [1] TRUE
INFO [2020-02-27 15:56:09] 
INFO [2020-02-27 15:56:09] $x
INFO [2020-02-27 15:56:09] list(df1.genes, df2.genes, df3.genes, df4.genes)
INFO [2020-02-27 15:56:09] 
INFO [2020-02-27 15:56:09] $category.names
INFO [2020-02-27 15:56:09] c(lab1, lab2, lab3, lab4)
INFO [2020-02-27 15:56:09] 
INFO [2020-02-27 15:56:09] $filename
INFO [2020-02-27 15:56:09] NULL
INFO [2020-02-27 15:56:09] 
INFO [2020-02-27 15:56:09] $output
INFO [2020-02-27 15:56:09] [1] TRUE
INFO [2020-02-27 15:56:09] 
