INFO [2020-01-21 11:52:40] $x
INFO [2020-01-21 11:52:40] list(set1, set2, set3)
INFO [2020-01-21 11:52:40] 
INFO [2020-01-21 11:52:40] $category.names
INFO [2020-01-21 11:52:40] c("Set 1", "Set 2 ", "Set 3")
INFO [2020-01-21 11:52:40] 
INFO [2020-01-21 11:52:40] $filename
INFO [2020-01-21 11:52:40] [1] "#14_venn_diagramm.png"
INFO [2020-01-21 11:52:40] 
INFO [2020-01-21 11:52:40] $output
INFO [2020-01-21 11:52:40] [1] TRUE
INFO [2020-01-21 11:52:40] 
INFO [2020-01-21 11:52:40] $imagetype
INFO [2020-01-21 11:52:40] [1] "png"
INFO [2020-01-21 11:52:40] 
INFO [2020-01-21 11:52:40] $height
INFO [2020-01-21 11:52:40] [1] 480
INFO [2020-01-21 11:52:40] 
INFO [2020-01-21 11:52:40] $width
INFO [2020-01-21 11:52:40] [1] 480
INFO [2020-01-21 11:52:40] 
INFO [2020-01-21 11:52:40] $resolution
INFO [2020-01-21 11:52:40] [1] 300
INFO [2020-01-21 11:52:40] 
INFO [2020-01-21 11:52:40] $compression
INFO [2020-01-21 11:52:40] [1] "lzw"
INFO [2020-01-21 11:52:40] 
INFO [2020-01-21 11:52:40] $lwd
INFO [2020-01-21 11:52:40] [1] 2
INFO [2020-01-21 11:52:40] 
INFO [2020-01-21 11:52:40] $lty
INFO [2020-01-21 11:52:40] [1] "blank"
INFO [2020-01-21 11:52:40] 
INFO [2020-01-21 11:52:40] $fill
INFO [2020-01-21 11:52:40] myCol
INFO [2020-01-21 11:52:40] 
INFO [2020-01-21 11:52:40] $cex
INFO [2020-01-21 11:52:40] [1] 0.6
INFO [2020-01-21 11:52:40] 
INFO [2020-01-21 11:52:40] $fontface
INFO [2020-01-21 11:52:40] [1] "bold"
INFO [2020-01-21 11:52:40] 
INFO [2020-01-21 11:52:40] $fontfamily
INFO [2020-01-21 11:52:40] [1] "sans"
INFO [2020-01-21 11:52:40] 
INFO [2020-01-21 11:52:40] $cat.cex
INFO [2020-01-21 11:52:40] [1] 0.6
INFO [2020-01-21 11:52:40] 
INFO [2020-01-21 11:52:40] $cat.fontface
INFO [2020-01-21 11:52:40] [1] "bold"
INFO [2020-01-21 11:52:40] 
INFO [2020-01-21 11:52:40] $cat.default.pos
INFO [2020-01-21 11:52:40] [1] "outer"
INFO [2020-01-21 11:52:40] 
INFO [2020-01-21 11:52:40] $cat.pos
INFO [2020-01-21 11:52:40] c(-27, 27, 135)
INFO [2020-01-21 11:52:40] 
INFO [2020-01-21 11:52:40] $cat.dist
INFO [2020-01-21 11:52:40] c(0.055, 0.055, 0.085)
INFO [2020-01-21 11:52:40] 
INFO [2020-01-21 11:52:40] $cat.fontfamily
INFO [2020-01-21 11:52:40] [1] "sans"
INFO [2020-01-21 11:52:40] 
INFO [2020-01-21 11:52:40] $rotation
INFO [2020-01-21 11:52:40] [1] 1
INFO [2020-01-21 11:52:40] 
